============================================================
  Generated by:           Genus(TM) Synthesis Solution 21.14-s082_1
  Generated on:           Nov 27 2024  12:34:25 pm
  Module:                 controller1
  Operating conditions:   slow (balanced_tree)
  Wireload mode:          enclosed
  Area mode:              timing library
============================================================

                               
   Gate    Instances    Area   Library 
---------------------------------------
AOI211XL           3    15.895    slow 
AOI21X1            2     9.083    slow 
AOI21XL            5    22.707    slow 
AOI22XL            1     6.055    slow 
BUFX20             2    51.469    slow 
CLKINVX1           6    13.624    slow 
CLKXOR2X1          3    24.978    slow 
DFFQX1             8   127.159    slow 
DFFRHQX1           2    40.873    slow 
DFFSHQX1           2    42.386    slow 
INVX1             11    24.978    slow 
INVXL              1     2.271    slow 
MXI2XL             4    24.221    slow 
NAND2BX1           1     4.541    slow 
NAND2XL           15    45.414    slow 
NAND3BX1           1     6.055    slow 
NAND3XL            5    22.707    slow 
NAND4XL            4    21.193    slow 
NOR2BX1            1     4.541    slow 
NOR2BXL            4    18.166    slow 
NOR2XL            10    30.276    slow 
NOR3BX1            1     6.055    slow 
NOR3BXL            1     6.055    slow 
NOR3XL             1     4.541    slow 
NOR4BXL            1     6.812    slow 
OA21X1             1     6.812    slow 
OAI211XL           4    21.193    slow 
OAI21XL            7    31.790    slow 
OAI2BB1XL         11    58.281    slow 
OAI31XL            2    12.110    slow 
OR4X1              2    13.624    slow 
SDFFQX1            3    61.309    slow 
SDFFQXL            7   143.054    slow 
SDFFRHQX1          6   149.866    slow 
TLATXL             1    14.381    slow 
XNOR2X1            3    24.978    slow 
XNOR2XL            1     8.326    slow 
---------------------------------------
total            143  1127.781         


                                         
     Type      Instances   Area   Area % 
-----------------------------------------
sequential            29  579.028   51.3 
inverter              18   40.873    3.6 
buffer                 2   51.469    4.6 
unresolved             1    0.000    0.0 
logic                 94  456.411   40.5 
physical_cells         0    0.000    0.0 
-----------------------------------------
total                144 1127.781  100.0 

